C:\Program Files (x86)\Microsoft Visual Studio\2019\Community\MSBuild\Microsoft\VC\v160\Microsoft.CppBuild.targets(477,5): warning MSB8004: Output Directory does not end with a trailing slash.  This build instance will add the slash as it is required to allow proper evaluation of the Output Directory.
  802_15_4.c
C:\Users\Hanuman\Desktop\R & D\Energy_Harvesting_in_IOT_v12.2\WSN_Energy_Harvesting_Workspace\src\Simulation\ZigBee\802_15_4.h(304,2): warning C4995: 'PROPAGATION_HANDLE': name was marked as #pragma deprecated
C:\Users\Hanuman\Desktop\R & D\Energy_Harvesting_in_IOT_v12.2\WSN_Energy_Harvesting_Workspace\src\Simulation\ZigBee\802_15_4.c(25): warning Msg: propagation_get_received_power_dbm function is deprcated. Use _propagation_get_received_power_dbm
C:\Users\Hanuman\Desktop\R & D\Energy_Harvesting_in_IOT_v12.2\WSN_Energy_Harvesting_Workspace\src\Simulation\ZigBee\802_15_4.c(23,1): warning C4996: 'get_propagation_info': get_propagation_info is deprected.
C:\Users\Hanuman\Desktop\R & D\Energy_Harvesting_in_IOT_v12.2\WSN_Energy_Harvesting_Workspace\src\Simulation\ZigBee\802_15_4.c(304): warning Msg: propagation_get_received_power_dbm function is deprcated. Use _propagation_get_received_power_dbm
C:\Users\Hanuman\Desktop\R & D\Energy_Harvesting_in_IOT_v12.2\WSN_Energy_Harvesting_Workspace\src\Simulation\ZigBee\802_15_4.c(304): warning Msg: propagation_get_received_power_dbm function is deprcated. Use _propagation_get_received_power_dbm
C:\Users\Hanuman\Desktop\R & D\Energy_Harvesting_in_IOT_v12.2\WSN_Energy_Harvesting_Workspace\src\Simulation\ZigBee\802_15_4.c(314): warning Msg: propagation_get_received_power_dbm function is deprcated. Use _propagation_get_received_power_dbm
C:\Users\Hanuman\Desktop\R & D\Energy_Harvesting_in_IOT_v12.2\WSN_Energy_Harvesting_Workspace\src\Simulation\ZigBee\802_15_4.c(314): warning Msg: propagation_get_received_power_dbm function is deprcated. Use _propagation_get_received_power_dbm
C:\Users\Hanuman\Desktop\R & D\Energy_Harvesting_in_IOT_v12.2\WSN_Energy_Harvesting_Workspace\src\Simulation\ZigBee\802_15_4.c(317): warning Msg: propagation_get_received_power_dbm function is deprcated. Use _propagation_get_received_power_dbm
C:\Users\Hanuman\Desktop\R & D\Energy_Harvesting_in_IOT_v12.2\WSN_Energy_Harvesting_Workspace\src\Simulation\ZigBee\802_15_4.c(398): warning Msg: propagation_get_received_power_dbm function is deprcated. Use _propagation_get_received_power_dbm
C:\Users\Hanuman\Desktop\R & D\Energy_Harvesting_in_IOT_v12.2\WSN_Energy_Harvesting_Workspace\src\Simulation\ZigBee\802_15_4.c(398): warning Msg: propagation_get_received_power_dbm function is deprcated. Use _propagation_get_received_power_dbm
C:\Users\Hanuman\Desktop\R & D\Energy_Harvesting_in_IOT_v12.2\WSN_Energy_Harvesting_Workspace\src\Simulation\ZigBee\802_15_4.c(406): warning Msg: propagation_get_received_power_dbm function is deprcated. Use _propagation_get_received_power_dbm
C:\Users\Hanuman\Desktop\R & D\Energy_Harvesting_in_IOT_v12.2\WSN_Energy_Harvesting_Workspace\src\Simulation\ZigBee\802_15_4.c(406): warning Msg: propagation_get_received_power_dbm function is deprcated. Use _propagation_get_received_power_dbm
C:\Users\Hanuman\Desktop\R & D\Energy_Harvesting_in_IOT_v12.2\WSN_Energy_Harvesting_Workspace\src\Simulation\ZigBee\802_15_4.c(508,20): warning C4013: 'calculate_eh' undefined; assuming extern returning int
C:\Users\Hanuman\Desktop\R & D\Energy_Harvesting_in_IOT_v12.2\WSN_Energy_Harvesting_Workspace\src\Simulation\ZigBee\802_15_4.c(509): warning Msg: propagation_get_received_power_dbm function is deprcated. Use _propagation_get_received_power_dbm
C:\Users\Hanuman\Desktop\R & D\Energy_Harvesting_in_IOT_v12.2\WSN_Energy_Harvesting_Workspace\src\Simulation\ZigBee\802_15_4.c(509): warning Msg: propagation_get_received_power_dbm function is deprcated. Use _propagation_get_received_power_dbm
C:\Users\Hanuman\Desktop\R & D\Energy_Harvesting_in_IOT_v12.2\WSN_Energy_Harvesting_Workspace\src\Simulation\ZigBee\802_15_4.c(304,43): warning C4996: 'get_propagation_info': get_propagation_info is deprected.
C:\Users\Hanuman\Desktop\R & D\Energy_Harvesting_in_IOT_v12.2\WSN_Energy_Harvesting_Workspace\src\Simulation\ZigBee\802_15_4.c(314,46): warning C4996: 'get_propagation_info': get_propagation_info is deprected.
C:\Users\Hanuman\Desktop\R & D\Energy_Harvesting_in_IOT_v12.2\WSN_Energy_Harvesting_Workspace\src\Simulation\ZigBee\802_15_4.c(317,9): warning C4996: 'get_propagation_info': get_propagation_info is deprected.
C:\Users\Hanuman\Desktop\R & D\Energy_Harvesting_in_IOT_v12.2\WSN_Energy_Harvesting_Workspace\src\Simulation\ZigBee\802_15_4.c(398,68): warning C4996: 'get_propagation_info': get_propagation_info is deprected.
C:\Users\Hanuman\Desktop\R & D\Energy_Harvesting_in_IOT_v12.2\WSN_Energy_Harvesting_Workspace\src\Simulation\ZigBee\802_15_4.c(404,1): warning C4996: 'get_propagation_info': get_propagation_info is deprected.
C:\Users\Hanuman\Desktop\R & D\Energy_Harvesting_in_IOT_v12.2\WSN_Energy_Harvesting_Workspace\src\Simulation\ZigBee\802_15_4.c(509,46): warning C4996: 'get_propagation_info': get_propagation_info is deprected.
  BackoffCalculation.c
C:\Users\Hanuman\Desktop\R & D\Energy_Harvesting_in_IOT_v12.2\WSN_Energy_Harvesting_Workspace\src\Simulation\ZigBee\802_15_4.h(304,2): warning C4995: 'PROPAGATION_HANDLE': name was marked as #pragma deprecated
  BERCalculation.c
  CCA.c
C:\Users\Hanuman\Desktop\R & D\Energy_Harvesting_in_IOT_v12.2\WSN_Energy_Harvesting_Workspace\src\Simulation\ZigBee\802_15_4.h(304,2): warning C4995: 'PROPAGATION_HANDLE': name was marked as #pragma deprecated
  ChangeRadioState.c
C:\Users\Hanuman\Desktop\R & D\Energy_Harvesting_in_IOT_v12.2\WSN_Energy_Harvesting_Workspace\src\Simulation\ZigBee\802_15_4.h(304,2): warning C4995: 'PROPAGATION_HANDLE': name was marked as #pragma deprecated
C:\Users\Hanuman\Desktop\R & D\Energy_Harvesting_in_IOT_v12.2\WSN_Energy_Harvesting_Workspace\src\Simulation\ZigBee\ChangeRadioState.c(49): warning Msg: propagation_get_received_power_dbm function is deprcated. Use _propagation_get_received_power_dbm
C:\Users\Hanuman\Desktop\R & D\Energy_Harvesting_in_IOT_v12.2\WSN_Energy_Harvesting_Workspace\src\Simulation\ZigBee\ChangeRadioState.c(49): warning Msg: propagation_get_received_power_dbm function is deprcated. Use _propagation_get_received_power_dbm
C:\Users\Hanuman\Desktop\R & D\Energy_Harvesting_in_IOT_v12.2\WSN_Energy_Harvesting_Workspace\src\Simulation\ZigBee\ChangeRadioState.c(49,18): warning C4996: 'get_propagation_info': get_propagation_info is deprected.
  LocateBackoffBoundary.c
C:\Users\Hanuman\Desktop\R & D\Energy_Harvesting_in_IOT_v12.2\WSN_Energy_Harvesting_Workspace\src\Simulation\ZigBee\802_15_4.h(304,2): warning C4995: 'PROPAGATION_HANDLE': name was marked as #pragma deprecated
  SINRCalculation.c
C:\Users\Hanuman\Desktop\R & D\Energy_Harvesting_in_IOT_v12.2\WSN_Energy_Harvesting_Workspace\src\Simulation\ZigBee\802_15_4.h(304,2): warning C4995: 'PROPAGATION_HANDLE': name was marked as #pragma deprecated
  SlottedCSMACA.c
C:\Users\Hanuman\Desktop\R & D\Energy_Harvesting_in_IOT_v12.2\WSN_Energy_Harvesting_Workspace\src\Simulation\ZigBee\802_15_4.h(304,2): warning C4995: 'PROPAGATION_HANDLE': name was marked as #pragma deprecated
  Superframe.c
C:\Users\Hanuman\Desktop\R & D\Energy_Harvesting_in_IOT_v12.2\WSN_Energy_Harvesting_Workspace\src\Simulation\ZigBee\802_15_4.h(304,2): warning C4995: 'PROPAGATION_HANDLE': name was marked as #pragma deprecated
  UnslottedCSMACA.c
C:\Users\Hanuman\Desktop\R & D\Energy_Harvesting_in_IOT_v12.2\WSN_Energy_Harvesting_Workspace\src\Simulation\ZigBee\802_15_4.h(304,2): warning C4995: 'PROPAGATION_HANDLE': name was marked as #pragma deprecated
  Generating Code...
C:\Users\Hanuman\Desktop\R & D\Energy_Harvesting_in_IOT_v12.2\WSN_Energy_Harvesting_Workspace\src\Simulation\ZigBee\ChangeRadioState.c(54): warning C4716: 'calculate_eh': must return a value
C:\Program Files (x86)\Microsoft Visual Studio\2019\Community\MSBuild\Microsoft\VC\v160\Microsoft.CppBuild.targets(1316,5): warning MSB8012: TargetPath(C:\Users\Hanuman\Desktop\R & D\Energy_Harvesting_in_IOT_v12.2\WSN_Energy_Harvesting_Workspace\src\Simulation\ZigBee\..\..\..\bin\bin_x64\ZigBee.dll) does not match the Linker's OutputFile property value (C:\Users\Hanuman\Desktop\R & D\Energy_Harvesting_in_IOT_v12.2\WSN_Energy_Harvesting_Workspace\bin\bin_x64\libZigBee.dll). This may cause your project to build incorrectly. To correct this, please make sure that $(OutDir), $(TargetName) and $(TargetExt) property values match the value specified in %(Link.OutputFile).
C:\Program Files (x86)\Microsoft Visual Studio\2019\Community\MSBuild\Microsoft\VC\v160\Microsoft.CppBuild.targets(1318,5): warning MSB8012: TargetName(ZigBee) does not match the Linker's OutputFile property value (libZigBee). This may cause your project to build incorrectly. To correct this, please make sure that $(OutDir), $(TargetName) and $(TargetExt) property values match the value specified in %(Link.OutputFile).
802_15_4.obj : warning LNK4075: ignoring '/EDITANDCONTINUE' due to '/INCREMENTAL:NO' specification
  Zigbee.lib(802_15_4_lib.obj) : MSIL .netmodule or module compiled with /GL found; restarting link with /LTCG; add /LTCG to the link command line to improve linker performance
802_15_4.obj : warning LNK4075: ignoring '/EDITANDCONTINUE' due to '/INCREMENTAL:NO' specification
     Creating library ..\..\..\bin\bin_x64\ZigBee.lib and object ..\..\..\bin\bin_x64\ZigBee.exp
LINK : warning LNK4098: defaultlib 'MSVCRT' conflicts with use of other libs; use /NODEFAULTLIB:library
  Generating code
  Finished generating code
Zigbee.lib(802_15_4_lib.obj) : warning LNK4099: PDB 'ZigbeeLib.pdb' was not found with 'Zigbee.lib(802_15_4_lib.obj)' or at 'C:\Users\Hanuman\Desktop\R & D\Energy_Harvesting_in_IOT_v12.2\WSN_Energy_Harvesting_Workspace\bin\bin_x64\ZigbeeLib.pdb'; linking object as if no debug info
  ZigBee.vcxproj -> C:\Users\Hanuman\Desktop\R & D\Energy_Harvesting_in_IOT_v12.2\WSN_Energy_Harvesting_Workspace\src\Simulation\ZigBee\..\..\..\bin\bin_x64\ZigBee.dll
